E:\VS\MYXML\DEBUG\MYXML.EXE
E:\VS\MYXML\DEBUG\MYXML.ILK
E:\VS\MYXML\DEBUG\MYXML.PDB
E:\vs\myXml\myXml\Debug\cl.command.1.tlog
E:\vs\myXml\myXml\Debug\CL.read.1.tlog
E:\vs\myXml\myXml\Debug\CL.write.1.tlog
E:\vs\myXml\myXml\Debug\link.command.1.tlog
E:\vs\myXml\myXml\Debug\link.read.1.tlog
E:\vs\myXml\myXml\Debug\link.write.1.tlog
E:\vs\myXml\myXml\Debug\link-cvtres.read.1.tlog
E:\vs\myXml\myXml\Debug\link-cvtres.write.1.tlog
E:\vs\myXml\myXml\Debug\mt.command.1.tlog
E:\vs\myXml\myXml\Debug\mt.read.1.tlog
E:\vs\myXml\myXml\Debug\mt.write.1.tlog
E:\VS\MYXML\MYXML\DEBUG\MYXML.EXE.EMBED.MANIFEST
E:\VS\MYXML\MYXML\DEBUG\MYXML.EXE.EMBED.MANIFEST.RES
E:\VS\MYXML\MYXML\DEBUG\MYXML.EXE.INTERMEDIATE.MANIFEST
E:\VS\MYXML\MYXML\DEBUG\MYXML.OBJ
E:\VS\MYXML\MYXML\DEBUG\MYXML.PCH
E:\VS\MYXML\MYXML\DEBUG\MYXML.RES
E:\vs\myXml\myXml\Debug\myXml_manifest.rc
E:\VS\MYXML\MYXML\DEBUG\MYXMLDLG.OBJ
E:\vs\myXml\myXml\Debug\rc.command.1.tlog
E:\vs\myXml\myXml\Debug\rc.read.1.tlog
E:\vs\myXml\myXml\Debug\rc.write.1.tlog
E:\VS\MYXML\MYXML\DEBUG\STDAFX.OBJ
E:\VS\MYXML\MYXML\DEBUG\TINYSTR.OBJ
E:\VS\MYXML\MYXML\DEBUG\TINYXML.OBJ
E:\VS\MYXML\MYXML\DEBUG\TINYXMLERROR.OBJ
E:\VS\MYXML\MYXML\DEBUG\TINYXMLPARSER.OBJ
E:\vs\myXml\myXml\Debug\vc100.idb
E:\VS\MYXML\MYXML\DEBUG\VC100.PDB
